Flutter crash report.
Please report a bug at https://github.com/flutter/flutter/issues.

## command

flutter run -d linux -v

## exception

SocketException: SocketException: Error event raised in event handler : error condition has been reset, port = 0

```
#0      _NativeSocket.multiplex (dart:io-patch/socket_patch.dart:1420:30)
#1      _RawReceivePortImpl._handleMessage (dart:isolate-patch/isolate_patch.dart:192:12)
```

## flutter doctor

```
[✓] Flutter (Channel master, 3.4.0-34.0.pre.13, on Ubuntu 22.04.1 LTS 5.15.0-48-generic, locale
    en_GB.UTF-8)
    • Flutter version 3.4.0-34.0.pre.13 on channel master at /home/vino/flutter
    • Upstream repository https://github.com/flutter/flutter.git
    • Framework revision a11bef9688 (3 hours ago), 2022-09-29 07:57:43 -0400
    • Engine revision 8964433745
    • Dart version 2.19.0 (build 2.19.0-254.0.dev)
    • DevTools version 2.17.0

[✓] Android toolchain - develop for Android devices (Android SDK version 30.0.1)
    • Android SDK at /home/vino/Android/Sdk
    • Platform android-30, build-tools 30.0.1
    • Java binary at: /home/vino/android-studio/jre/bin/java
    • Java version OpenJDK Runtime Environment (build 11.0.13+0-b1751.21-8125866)
    • All Android licenses accepted.

[✗] Chrome - develop for the web (Cannot find Chrome executable at google-chrome)
    ! Cannot find Chrome. Try setting CHROME_EXECUTABLE to a Chrome executable.

[✓] Linux toolchain - develop for Linux desktop
    • Ubuntu clang version 14.0.0-1ubuntu1
    • cmake version 3.22.1
    • ninja version 1.10.1
    • pkg-config version 0.29.2

[✓] Android Studio (version 2021.3)
    • Android Studio at /home/vino/android-studio
    • Flutter plugin version 70.1.3
    • Dart plugin version 213.7433
    • Java version OpenJDK Runtime Environment (build 11.0.13+0-b1751.21-8125866)

[✓] VS Code (version 1.71.2)
    • VS Code at /usr/share/code
    • Flutter extension version 3.48.0

[✓] Connected device (1 available)
    • Linux (desktop) • linux • linux-x64 • Ubuntu 22.04.1 LTS 5.15.0-48-generic

[✓] HTTP Host Availability
    • All required HTTP hosts are available

! Doctor found issues in 1 category.
```
